TN:
SF:src/index.ts
FN:10,(anonymous_0)
FN:11,(anonymous_1)
FN:12,(anonymous_2)
FN:13,(anonymous_3)
FN:28,(anonymous_4)
FN:45,(anonymous_5)
FN:49,(anonymous_6)
FN:53,(anonymous_7)
FNF:8
FNH:4
FNDA:0,(anonymous_0)
FNDA:0,(anonymous_1)
FNDA:0,(anonymous_2)
FNDA:0,(anonymous_3)
FNDA:15,(anonymous_4)
FNDA:3,(anonymous_5)
FNDA:1,(anonymous_6)
FNDA:1,(anonymous_7)
DA:2,2
DA:3,2
DA:4,2
DA:5,2
DA:10,2
DA:11,2
DA:12,2
DA:13,2
DA:21,2
DA:34,15
DA:35,2
DA:38,13
DA:39,13
DA:40,13
DA:41,13
DA:42,13
DA:46,3
DA:50,1
DA:54,1
LF:19
LH:19
BRDA:34,0,0,2
BRDA:34,1,0,15
BRDA:34,1,1,13
BRDA:34,1,2,13
BRF:4
BRH:4
end_of_record
TN:
SF:src/config/bitcoin.config.ts
FN:35,validateBitcoinConfig
FNF:1
FNH:1
FNDA:5,validateBitcoinConfig
DA:24,1
DA:35,1
DA:36,5
DA:37,1
DA:40,4
DA:41,1
DA:44,3
DA:45,1
DA:48,2
LF:9
LH:9
BRDA:36,0,0,1
BRDA:40,1,0,1
BRDA:44,2,0,1
BRDA:44,3,0,3
BRDA:44,3,1,2
BRF:5
BRH:5
end_of_record
TN:
SF:src/services/runes.batch.service.ts
FN:11,(anonymous_0)
FN:17,(anonymous_1)
FNF:2
FNH:2
FNDA:18,(anonymous_0)
FNDA:6,(anonymous_1)
DA:6,3
DA:12,18
DA:13,18
DA:14,18
DA:18,6
DA:27,6
DA:28,9
DA:29,9
DA:30,9
DA:31,2
DA:32,2
DA:36,2
DA:37,2
DA:38,2
DA:41,7
DA:42,2
DA:46,2
DA:48,5
DA:49,5
DA:53,5
DA:54,5
DA:58,6
LF:22
LH:22
BRDA:30,0,0,2
BRDA:48,1,0,3
BRDA:48,1,1,2
BRF:3
BRH:3
end_of_record
TN:
SF:src/services/runes.history.service.ts
FN:9,(anonymous_0)
FN:14,(anonymous_1)
FN:29,(anonymous_2)
FNF:3
FNH:3
FNDA:21,(anonymous_0)
FNDA:8,(anonymous_1)
FNDA:4,(anonymous_2)
DA:5,3
DA:10,21
DA:11,21
DA:15,8
DA:16,8
DA:17,8
DA:18,8
DA:20,8
DA:21,6
DA:23,2
DA:24,2
DA:25,2
DA:30,4
DA:31,4
DA:32,2
DA:34,2
DA:35,2
DA:36,2
LF:18
LH:18
BRDA:17,0,0,4
BRDA:18,1,0,2
BRDA:23,2,0,1
BRDA:23,2,1,1
BRDA:34,3,0,1
BRDA:34,3,1,1
BRF:6
BRH:6
end_of_record
TN:
SF:src/services/runes.liquidity.service.ts
FN:20,(anonymous_0)
FN:25,(anonymous_1)
FN:51,(anonymous_2)
FN:77,(anonymous_3)
FNF:4
FNH:4
FNDA:15,(anonymous_0)
FNDA:5,(anonymous_1)
FNDA:5,(anonymous_2)
FNDA:5,(anonymous_3)
DA:19,1
DA:21,15
DA:22,15
DA:26,5
DA:27,5
DA:28,3
DA:29,2
DA:32,1
DA:41,4
DA:42,3
DA:43,3
DA:45,1
DA:46,1
DA:52,5
DA:53,5
DA:54,3
DA:55,2
DA:58,1
DA:67,4
DA:68,3
DA:69,3
DA:71,1
DA:72,1
DA:78,5
DA:79,5
DA:80,3
DA:81,2
DA:84,1
DA:93,4
DA:94,3
DA:95,3
DA:97,1
DA:98,1
LF:33
LH:33
BRDA:28,0,0,2
BRDA:28,1,0,3
BRDA:28,1,1,2
BRDA:41,2,0,3
BRDA:41,2,1,1
BRDA:54,3,0,2
BRDA:54,4,0,3
BRDA:54,4,1,2
BRDA:67,5,0,3
BRDA:67,5,1,1
BRDA:80,6,0,2
BRDA:80,7,0,3
BRDA:80,7,1,2
BRDA:93,8,0,3
BRDA:93,8,1,1
BRF:15
BRH:15
end_of_record
TN:
SF:src/services/runes.order.service.ts
FN:22,(anonymous_0)
FN:27,(anonymous_1)
FN:58,(anonymous_2)
FN:89,(anonymous_3)
FNF:4
FNH:4
FNDA:21,(anonymous_0)
FNDA:9,(anonymous_1)
FNDA:6,(anonymous_2)
FNDA:6,(anonymous_3)
DA:21,1
DA:23,21
DA:24,21
DA:28,9
DA:29,9
DA:30,4
DA:33,5
DA:34,3
DA:35,2
DA:38,1
DA:48,8
DA:49,7
DA:50,7
DA:52,1
DA:53,1
DA:59,6
DA:60,6
DA:61,1
DA:64,5
DA:65,3
DA:66,2
DA:69,1
DA:79,5
DA:80,4
DA:81,4
DA:83,1
DA:84,1
DA:90,6
DA:91,6
DA:92,1
DA:95,5
DA:96,3
DA:97,2
DA:100,1
DA:110,5
DA:111,4
DA:112,4
DA:114,1
DA:115,1
LF:39
LH:39
BRDA:29,0,0,4
BRDA:29,1,0,9
BRDA:29,1,1,8
BRDA:29,1,2,7
BRDA:29,1,3,6
BRDA:34,2,0,2
BRDA:34,3,0,3
BRDA:34,3,1,2
BRDA:48,4,0,7
BRDA:48,4,1,1
BRDA:60,5,0,1
BRDA:65,6,0,2
BRDA:65,7,0,3
BRDA:65,7,1,2
BRDA:79,8,0,4
BRDA:79,8,1,1
BRDA:91,9,0,1
BRDA:96,10,0,2
BRDA:96,11,0,3
BRDA:96,11,1,2
BRDA:110,12,0,4
BRDA:110,12,1,1
BRF:22
BRH:22
end_of_record
TN:
SF:src/services/runes.performance.service.ts
FN:27,(anonymous_0)
FN:32,(anonymous_1)
FN:60,(anonymous_2)
FNF:3
FNH:3
FNDA:14,(anonymous_0)
FNDA:6,(anonymous_1)
FNDA:8,(anonymous_2)
DA:26,1
DA:28,14
DA:29,14
DA:33,6
DA:34,6
DA:35,4
DA:36,3
DA:39,1
DA:50,5
DA:51,4
DA:52,4
DA:54,1
DA:55,1
DA:61,8
DA:62,8
DA:63,1
DA:66,7
DA:67,5
DA:68,3
DA:71,2
DA:82,6
DA:83,5
DA:84,5
DA:86,1
DA:87,1
LF:25
LH:25
BRDA:35,0,0,3
BRDA:35,1,0,4
BRDA:35,1,1,3
BRDA:50,2,0,4
BRDA:50,2,1,1
BRDA:62,3,0,1
BRDA:67,4,0,3
BRDA:67,5,0,5
BRDA:67,5,1,4
BRDA:77,6,0,2
BRDA:77,6,1,1
BRDA:78,7,0,2
BRDA:78,7,1,1
BRDA:79,8,0,2
BRDA:79,8,1,1
BRDA:82,9,0,5
BRDA:82,9,1,1
BRF:17
BRH:17
end_of_record
TN:
SF:src/services/runes.security.service.ts
FN:20,(anonymous_0)
FN:25,(anonymous_1)
FN:54,(anonymous_2)
FNF:3
FNH:3
FNDA:16,(anonymous_0)
FNDA:8,(anonymous_1)
FNDA:8,(anonymous_2)
DA:19,1
DA:21,16
DA:22,16
DA:26,8
DA:27,8
DA:28,1
DA:31,7
DA:32,5
DA:33,3
DA:36,2
DA:44,6
DA:45,5
DA:46,5
DA:48,1
DA:49,1
DA:55,8
DA:56,8
DA:57,1
DA:60,7
DA:61,5
DA:62,3
DA:65,2
DA:72,6
DA:73,5
DA:74,5
DA:76,1
DA:77,1
LF:27
LH:27
BRDA:27,0,0,1
BRDA:32,1,0,3
BRDA:32,2,0,5
BRDA:32,2,1,4
BRDA:39,3,0,2
BRDA:39,3,1,1
BRDA:44,4,0,5
BRDA:44,4,1,1
BRDA:56,5,0,1
BRDA:61,6,0,3
BRDA:61,7,0,5
BRDA:61,7,1,4
BRDA:68,8,0,2
BRDA:68,8,1,1
BRDA:72,9,0,5
BRDA:72,9,1,1
BRF:16
BRH:16
end_of_record
TN:
SF:src/services/runes.service.ts
FN:11,(anonymous_0)
FN:17,(anonymous_1)
FNF:2
FNH:2
FNDA:4,(anonymous_0)
FNDA:4,(anonymous_1)
DA:6,1
DA:12,4
DA:13,4
DA:14,4
DA:18,4
DA:19,4
DA:20,4
DA:21,1
DA:24,3
DA:25,1
DA:27,3
DA:28,3
DA:29,3
LF:13
LH:13
BRDA:20,0,0,1
BRDA:21,1,0,1
BRDA:21,1,1,0
BRDA:27,2,0,2
BRDA:27,2,1,1
BRF:5
BRH:4
end_of_record
TN:
SF:src/services/mempool/mempool.service.ts
FN:29,(anonymous_0)
FN:34,(anonymous_1)
FN:39,(anonymous_2)
FN:56,(anonymous_3)
FN:64,(anonymous_4)
FN:92,(anonymous_5)
FN:99,(anonymous_6)
FNF:7
FNH:7
FNDA:23,(anonymous_0)
FNDA:7,(anonymous_1)
FNDA:2,(anonymous_2)
FNDA:27,(anonymous_3)
FNDA:6,(anonymous_4)
FNDA:18,(anonymous_5)
FNDA:10,(anonymous_6)
DA:25,1
DA:26,23
DA:27,23
DA:30,23
DA:31,23
DA:35,7
DA:36,7
DA:37,4
DA:39,4
DA:40,2
DA:41,2
DA:42,1
DA:44,1
DA:48,3
DA:49,1
DA:51,2
DA:57,27
DA:58,4
DA:59,4
DA:61,27
DA:65,6
DA:66,6
DA:67,1
DA:70,5
DA:71,3
DA:72,2
DA:75,1
DA:82,5
DA:83,4
DA:84,4
DA:86,1
DA:87,1
DA:93,18
DA:94,18
DA:95,13
DA:96,3
DA:99,10
DA:100,10
DA:101,4
DA:104,6
DA:119,12
DA:120,11
DA:121,11
DA:123,1
DA:124,1
LF:45
LH:45
BRDA:34,0,0,3
BRDA:48,1,0,1
BRDA:48,1,1,2
BRDA:48,2,0,3
BRDA:48,2,1,3
BRDA:57,3,0,4
BRDA:66,4,0,1
BRDA:71,5,0,2
BRDA:71,6,0,3
BRDA:71,6,1,2
BRDA:82,7,0,4
BRDA:82,7,1,1
BRDA:95,8,0,3
BRDA:95,9,0,13
BRDA:95,9,1,11
BRDA:100,10,0,4
BRDA:100,11,0,10
BRDA:100,11,1,9
BRDA:100,11,2,8
BRDA:100,11,3,7
BRDA:119,12,0,11
BRDA:119,12,1,1
BRF:22
BRH:22
end_of_record
TN:
SF:src/services/webhook/webhook.service.ts
FN:12,(anonymous_0)
FN:14,(anonymous_1)
FN:15,(anonymous_2)
FN:30,(anonymous_3)
FN:31,(anonymous_4)
FN:41,(anonymous_5)
FNF:6
FNH:6
FNDA:6,(anonymous_0)
FNDA:6,(anonymous_1)
FNDA:2,(anonymous_2)
FNDA:2,(anonymous_3)
FNDA:1,(anonymous_4)
FNDA:5,(anonymous_5)
DA:9,1
DA:10,6
DA:12,6
DA:15,6
DA:16,6
DA:17,1
DA:18,1
DA:21,5
DA:27,5
DA:31,2
DA:32,2
DA:33,1
DA:34,1
DA:37,1
DA:38,1
DA:42,5
LF:16
LH:16
BRDA:16,0,0,1
BRDA:32,1,0,1
BRF:2
BRH:2
end_of_record
TN:
SF:src/utils/logger.ts
FN:1,(anonymous_0)
FN:19,(anonymous_1)
FN:24,(anonymous_2)
FN:28,(anonymous_3)
FN:34,(anonymous_4)
FN:40,(anonymous_5)
FN:46,(anonymous_6)
FNF:7
FNH:7
FNDA:15,(anonymous_0)
FNDA:16,(anonymous_1)
FNDA:20,(anonymous_2)
FNDA:8,(anonymous_3)
FNDA:4,(anonymous_4)
FNDA:2,(anonymous_5)
FNDA:2,(anonymous_6)
DA:1,15
DA:2,15
DA:3,15
DA:4,15
DA:5,15
DA:18,15
DA:20,16
DA:21,16
DA:25,20
DA:29,8
DA:30,7
DA:35,4
DA:36,4
DA:41,2
DA:42,2
DA:47,2
DA:48,1
LF:17
LH:17
BRDA:1,0,0,15
BRDA:1,0,1,15
BRDA:21,1,0,0
BRDA:29,2,0,7
BRDA:35,3,0,4
BRDA:41,4,0,2
BRDA:47,5,0,1
BRF:7
BRH:6
end_of_record
TN:
SF:src/utils/rpc.client.ts
FN:16,(anonymous_0)
FN:23,(anonymous_1)
FNF:2
FNH:2
FNDA:48,(anonymous_0)
FNDA:5,(anonymous_1)
DA:13,13
DA:14,48
DA:17,48
DA:18,48
DA:19,48
DA:20,48
DA:24,5
DA:25,5
DA:29,5
DA:30,5
DA:31,5
DA:34,5
DA:45,4
DA:46,1
DA:49,3
DA:51,2
DA:52,1
DA:55,1
DA:57,4
DA:58,4
LF:20
LH:20
BRDA:23,0,0,4
BRDA:29,1,0,5
BRDA:29,2,0,5
BRDA:29,2,1,5
BRDA:45,3,0,1
BRDA:51,4,0,1
BRDA:57,5,0,4
BRDA:57,5,1,0
BRDA:58,6,0,4
BRDA:58,6,1,0
BRF:10
BRH:8
end_of_record
TN:
SF:src/utils/runes.validator.ts
FN:9,(anonymous_0)
FN:14,(anonymous_1)
FNF:2
FNH:2
FNDA:33,(anonymous_0)
FNDA:10,(anonymous_1)
DA:5,13
DA:10,33
DA:11,33
DA:15,10
DA:17,10
DA:18,2
DA:21,10
DA:22,2
DA:25,10
DA:26,2
DA:28,8
DA:29,8
DA:30,1
DA:31,7
DA:32,2
DA:33,5
DA:34,1
DA:38,10
LF:18
LH:18
BRDA:17,0,0,2
BRDA:21,1,0,2
BRDA:25,2,0,2
BRDA:25,2,1,8
BRDA:29,3,0,1
BRDA:29,3,1,7
BRDA:31,4,0,2
BRDA:31,4,1,5
BRDA:33,5,0,1
BRDA:41,6,0,2
BRDA:41,6,1,8
BRF:11
BRH:11
end_of_record
TN:
SF:src/utils/test.utils.ts
FN:10,createMockLogger
FN:22,createMockRpcClient
FN:24,(anonymous_2)
FN:38,createMockResponse
FN:51,(anonymous_4)
FN:52,(anonymous_5)
FN:53,(anonymous_6)
FN:54,(anonymous_7)
FN:55,(anonymous_8)
FN:56,(anonymous_9)
FN:57,(anonymous_10)
FN:72,createMockRequest
FN:91,(anonymous_12)
FN:92,(anonymous_13)
FN:93,(anonymous_14)
FN:94,(anonymous_15)
FN:95,(anonymous_16)
FN:96,(anonymous_17)
FN:97,(anonymous_18)
FN:102,mockFetch
FN:106,createMockValidator
FNF:21
FNH:21
FNDA:193,createMockLogger
FNDA:47,createMockRpcClient
FNDA:1,(anonymous_2)
FNDA:4,createMockResponse
FNDA:1,(anonymous_4)
FNDA:1,(anonymous_5)
FNDA:1,(anonymous_6)
FNDA:1,(anonymous_7)
FNDA:1,(anonymous_8)
FNDA:1,(anonymous_9)
FNDA:1,(anonymous_10)
FNDA:2,createMockRequest
FNDA:1,(anonymous_12)
FNDA:1,(anonymous_13)
FNDA:1,(anonymous_14)
FNDA:1,(anonymous_15)
FNDA:1,(anonymous_16)
FNDA:1,(anonymous_17)
FNDA:1,(anonymous_18)
FNDA:2,mockFetch
FNDA:11,createMockValidator
DA:1,13
DA:2,13
DA:3,13
DA:4,13
DA:10,13
DA:11,193
DA:22,13
DA:23,47
DA:24,47
DA:25,47
DA:38,13
DA:39,4
DA:51,4
DA:52,4
DA:53,4
DA:54,4
DA:55,4
DA:56,4
DA:57,4
DA:59,4
DA:72,13
DA:73,2
DA:91,2
DA:92,2
DA:93,2
DA:94,2
DA:95,2
DA:96,2
DA:97,2
DA:99,2
DA:102,13
DA:103,2
DA:106,13
DA:107,11
DA:108,11
DA:113,11
LF:36
LH:36
BRF:0
BRH:0
end_of_record
